<?xml version="1.0" encoding="UTF-8"?>
<!-- Generated by org.testng.reporters.JUnitReportReporter -->
<testsuite hostname="DESKTOP-H2J9PSJ" failures="0" tests="1" name="demoskillrary.TestScript" time="1.228" errors="0" timestamp="2024-05-25T19:46:42 IST" skipped="0">
  <testcase classname="demoskillrary.TestScript" name="execution" time="1.228"/>
  <system-out>
    <![CDATA[demo skill rary executed]]>
  </system-out>
</testsuite> <!-- demoskillrary.TestScript -->
