<?xml version="1.0" encoding="UTF-8"?>
<!-- Generated by org.testng.reporters.JUnitReportReporter -->
<testsuite hostname="DESKTOP-H2J9PSJ" failures="0" tests="1" name="mumbaiindians.TestScript" time="0.010" errors="0" timestamp="2024-05-21T11:47:34 IST" skipped="0">
  <testcase classname="mumbaiindians.TestScript" name="execution" time="0.010"/>
  <system-out>
    <![CDATA[mumbai indians page executed]]>
  </system-out>
</testsuite> <!-- mumbaiindians.TestScript -->
